\BOOKMARK [0][-]{chapter.1}{\376\377\0001\000\040\000C\000l\000a\000s\000s\000\040\000D\000o\000c\000u\000m\000e\000n\000t\000a\000t\000i\000o\000n}{}% 1
\BOOKMARK [1][-]{section.1.1}{\376\377\0001\000.\0001\000\040\000T\000r\000a\000c\000k\000S\000e\000n\000s\000e\000:\000:\000G\000P\000S\000D\000a\000t\000a\000\040\000S\000t\000r\000u\000c\000t\000\040\000R\000e\000f\000e\000r\000e\000n\000c\000e}{chapter.1}% 2
\BOOKMARK [2][-]{subsection.1.1.1}{\376\377\0001\000.\0001\000.\0001\000\040\000D\000e\000t\000a\000i\000l\000e\000d\000\040\000D\000e\000s\000c\000r\000i\000p\000t\000i\000o\000n}{section.1.1}% 3
\BOOKMARK [2][-]{subsection.1.1.2}{\376\377\0001\000.\0001\000.\0002\000\040\000M\000e\000m\000b\000e\000r\000\040\000D\000a\000t\000a\000\040\000D\000o\000c\000u\000m\000e\000n\000t\000a\000t\000i\000o\000n}{section.1.1}% 4
\BOOKMARK [3][-]{subsubsection.1.1.2.1}{\376\377\0001\000.\0001\000.\0002\000.\0001\000\040\000a\000l\000t}{subsection.1.1.2}% 5
\BOOKMARK [3][-]{subsubsection.1.1.2.2}{\376\377\0001\000.\0001\000.\0002\000.\0002\000\040\000h\000d\000o\000p}{subsection.1.1.2}% 6
\BOOKMARK [3][-]{subsubsection.1.1.2.3}{\376\377\0001\000.\0001\000.\0002\000.\0003\000\040\000l\000a\000t}{subsection.1.1.2}% 7
\BOOKMARK [3][-]{subsubsection.1.1.2.4}{\376\377\0001\000.\0001\000.\0002\000.\0004\000\040\000l\000o\000n}{subsection.1.1.2}% 8
\BOOKMARK [3][-]{subsubsection.1.1.2.5}{\376\377\0001\000.\0001\000.\0002\000.\0005\000\040\000s\000a\000t}{subsection.1.1.2}% 9
\BOOKMARK [3][-]{subsubsection.1.1.2.6}{\376\377\0001\000.\0001\000.\0002\000.\0006\000\040\000t\000i\000m\000e\000\137\000u\000t\000c}{subsection.1.1.2}% 10
\BOOKMARK [3][-]{subsubsection.1.1.2.7}{\376\377\0001\000.\0001\000.\0002\000.\0007\000\040\000v\000e\000l}{subsection.1.1.2}% 11
\BOOKMARK [1][-]{section.1.2}{\376\377\0001\000.\0002\000\040\000G\000P\000S\000S\000i\000m\000\040\000C\000l\000a\000s\000s\000\040\000R\000e\000f\000e\000r\000e\000n\000c\000e}{chapter.1}% 12
\BOOKMARK [2][-]{subsection.1.2.1}{\376\377\0001\000.\0002\000.\0001\000\040\000D\000e\000t\000a\000i\000l\000e\000d\000\040\000D\000e\000s\000c\000r\000i\000p\000t\000i\000o\000n}{section.1.2}% 13
\BOOKMARK [2][-]{subsection.1.2.2}{\376\377\0001\000.\0002\000.\0002\000\040\000C\000o\000n\000s\000t\000r\000u\000c\000t\000o\000r\000\040\000\046\000\040\000D\000e\000s\000t\000r\000u\000c\000t\000o\000r\000\040\000D\000o\000c\000u\000m\000e\000n\000t\000a\000t\000i\000o\000n}{section.1.2}% 14
\BOOKMARK [3][-]{subsubsection.1.2.2.1}{\376\377\0001\000.\0002\000.\0002\000.\0001\000\040\000G\000P\000S\000S\000i\000m\000\050\000\051}{subsection.1.2.2}% 15
\BOOKMARK [3][-]{subsubsection.1.2.2.2}{\376\377\0001\000.\0002\000.\0002\000.\0002\000\040\000~\000G\000P\000S\000S\000i\000m\000\050\000\051}{subsection.1.2.2}% 16
\BOOKMARK [2][-]{subsection.1.2.3}{\376\377\0001\000.\0002\000.\0003\000\040\000M\000e\000m\000b\000e\000r\000\040\000F\000u\000n\000c\000t\000i\000o\000n\000\040\000D\000o\000c\000u\000m\000e\000n\000t\000a\000t\000i\000o\000n}{section.1.2}% 17
\BOOKMARK [3][-]{subsubsection.1.2.3.1}{\376\377\0001\000.\0002\000.\0003\000.\0001\000\040\000\137\000g\000e\000r\000a\000r\000\137\000c\000o\000r\000p\000o\000\137\000d\000e\000\137\000f\000r\000a\000s\000e\000\137\000g\000g\000a\000\050\000\051}{subsection.1.2.3}% 18
\BOOKMARK [3][-]{subsubsection.1.2.3.2}{\376\377\0001\000.\0002\000.\0003\000.\0002\000\040\000\137\000g\000e\000r\000a\000r\000\137\000c\000o\000r\000p\000o\000\137\000d\000e\000\137\000f\000r\000a\000s\000e\000\137\000r\000m\000c\000\050\000\051}{subsection.1.2.3}% 19
\BOOKMARK [3][-]{subsubsection.1.2.3.3}{\376\377\0001\000.\0002\000.\0003\000.\0003\000\040\000\137\000l\000o\000o\000p\000\050\000\051}{subsection.1.2.3}% 20
\BOOKMARK [3][-]{subsubsection.1.2.3.4}{\376\377\0001\000.\0002\000.\0003\000.\0004\000\040\000\137\000u\000p\000d\000a\000t\000e\000\137\000p\000o\000s\000i\000t\000i\000o\000n\000\050\000\051}{subsection.1.2.3}% 21
\BOOKMARK [3][-]{subsubsection.1.2.3.5}{\376\377\0001\000.\0002\000.\0003\000.\0005\000\040\000c\000o\000n\000f\000i\000g\000\137\000t\000r\000a\000j\000\050\000\051}{subsection.1.2.3}% 22
\BOOKMARK [3][-]{subsubsection.1.2.3.6}{\376\377\0001\000.\0002\000.\0003\000.\0006\000\040\000c\000o\000n\000v\000e\000r\000t\000e\000r\000\137\000g\000r\000a\000u\000s\000\137\000p\000a\000r\000a\000\137\000n\000m\000e\000a\000\050\000\051}{subsection.1.2.3}% 23
\BOOKMARK [3][-]{subsubsection.1.2.3.7}{\376\377\0001\000.\0002\000.\0003\000.\0007\000\040\000f\000i\000n\000a\000l\000i\000z\000a\000r\000\137\000c\000o\000r\000p\000o\000\137\000d\000e\000\137\000f\000r\000a\000s\000e\000\050\000\051}{subsection.1.2.3}% 24
\BOOKMARK [3][-]{subsubsection.1.2.3.8}{\376\377\0001\000.\0002\000.\0003\000.\0008\000\040\000f\000o\000r\000m\000a\000t\000a\000r\000\137\000i\000n\000t\000e\000i\000r\000o\000\050\000\051}{subsection.1.2.3}% 25
\BOOKMARK [3][-]{subsubsection.1.2.3.9}{\376\377\0001\000.\0002\000.\0003\000.\0009\000\040\000i\000n\000i\000t\000\050\000\051}{subsection.1.2.3}% 26
\BOOKMARK [3][-]{subsubsection.1.2.3.10}{\376\377\0001\000.\0002\000.\0003\000.\0001\0000\000\040\000o\000b\000t\000e\000r\000\137\000c\000a\000m\000i\000n\000h\000o\000\137\000t\000e\000r\000m\000i\000n\000a\000l\000\137\000f\000i\000l\000h\000o\000\050\000\051}{subsection.1.2.3}% 27
\BOOKMARK [3][-]{subsubsection.1.2.3.11}{\376\377\0001\000.\0002\000.\0003\000.\0001\0001\000\040\000o\000b\000t\000e\000r\000\137\000t\000e\000m\000p\000o\000\137\000u\000t\000c\000\050\000\051}{subsection.1.2.3}% 28
\BOOKMARK [3][-]{subsubsection.1.2.3.12}{\376\377\0001\000.\0002\000.\0003\000.\0001\0002\000\040\000s\000t\000o\000p\000\050\000\051}{subsection.1.2.3}% 29
\BOOKMARK [2][-]{subsection.1.2.4}{\376\377\0001\000.\0002\000.\0004\000\040\000M\000e\000m\000b\000e\000r\000\040\000D\000a\000t\000a\000\040\000D\000o\000c\000u\000m\000e\000n\000t\000a\000t\000i\000o\000n}{section.1.2}% 30
\BOOKMARK [3][-]{subsubsection.1.2.4.1}{\376\377\0001\000.\0002\000.\0004\000.\0001\000\040\000\137\000a\000l\000t}{subsection.1.2.4}% 31
\BOOKMARK [3][-]{subsubsection.1.2.4.2}{\376\377\0001\000.\0002\000.\0004\000.\0002\000\040\000\137\000f\000d\000\137\000f\000i\000l\000h\000o}{subsection.1.2.4}% 32
\BOOKMARK [3][-]{subsubsection.1.2.4.3}{\376\377\0001\000.\0002\000.\0004\000.\0003\000\040\000\137\000f\000d\000\137\000p\000a\000i}{subsection.1.2.4}% 33
\BOOKMARK [3][-]{subsubsection.1.2.4.4}{\376\377\0001\000.\0002\000.\0004\000.\0004\000\040\000\137\000i\000s\000\137\000e\000x\000e\000c}{subsection.1.2.4}% 34
\BOOKMARK [3][-]{subsubsection.1.2.4.5}{\376\377\0001\000.\0002\000.\0004\000.\0005\000\040\000\137\000l\000a\000t}{subsection.1.2.4}% 35
\BOOKMARK [3][-]{subsubsection.1.2.4.6}{\376\377\0001\000.\0002\000.\0004\000.\0006\000\040\000\137\000l\000a\000t\000\137\000s\000i\000m}{subsection.1.2.4}% 36
\BOOKMARK [3][-]{subsubsection.1.2.4.7}{\376\377\0001\000.\0002\000.\0004\000.\0007\000\040\000\137\000l\000o\000n}{subsection.1.2.4}% 37
\BOOKMARK [3][-]{subsubsection.1.2.4.8}{\376\377\0001\000.\0002\000.\0004\000.\0008\000\040\000\137\000l\000o\000n\000\137\000s\000i\000m}{subsection.1.2.4}% 38
\BOOKMARK [3][-]{subsubsection.1.2.4.9}{\376\377\0001\000.\0002\000.\0004\000.\0009\000\040\000\137\000m\000o\000v\000\137\000c\000i\000r\000c}{subsection.1.2.4}% 39
\BOOKMARK [3][-]{subsubsection.1.2.4.10}{\376\377\0001\000.\0002\000.\0004\000.\0001\0000\000\040\000\137\000n\000o\000m\000e\000\137\000p\000t\000\137\000f\000i\000l\000h\000o}{subsection.1.2.4}% 40
\BOOKMARK [3][-]{subsubsection.1.2.4.11}{\376\377\0001\000.\0002\000.\0004\000.\0001\0001\000\040\000\137\000p\000e\000r\000i\000o\000d\000o\000\137\000a\000t\000u\000a\000l\000i\000z\000a\000c\000a\000o}{subsection.1.2.4}% 41
\BOOKMARK [3][-]{subsubsection.1.2.4.12}{\376\377\0001\000.\0002\000.\0004\000.\0001\0002\000\040\000\137\000p\000e\000r\000i\000o\000d\000o\000\137\000c\000i\000r\000c}{subsection.1.2.4}% 42
\BOOKMARK [3][-]{subsubsection.1.2.4.13}{\376\377\0001\000.\0002\000.\0004\000.\0001\0003\000\040\000\137\000r\000a\000i\000o}{subsection.1.2.4}% 43
\BOOKMARK [3][-]{subsubsection.1.2.4.14}{\376\377\0001\000.\0002\000.\0004\000.\0001\0004\000\040\000\137\000s\000t\000a\000r\000t\000\137\000t\000i\000m\000e}{subsection.1.2.4}% 44
\BOOKMARK [3][-]{subsubsection.1.2.4.15}{\376\377\0001\000.\0002\000.\0004\000.\0001\0005\000\040\000\137\000t\000h\000r\000e\000a\000d\000\137\000g\000e\000r\000a\000d\000o\000r\000a}{subsection.1.2.4}% 45
\BOOKMARK [3][-]{subsubsection.1.2.4.16}{\376\377\0001\000.\0002\000.\0004\000.\0001\0006\000\040\000\137\000v\000e\000l\000o\000c\000i\000d\000a\000d\000e\000\137\000n\000o\000s}{subsection.1.2.4}% 46
\BOOKMARK [1][-]{section.1.3}{\376\377\0001\000.\0003\000\040\000T\000r\000a\000c\000k\000S\000e\000n\000s\000e\000\040\000C\000l\000a\000s\000s\000\040\000R\000e\000f\000e\000r\000e\000n\000c\000e}{chapter.1}% 47
\BOOKMARK [2][-]{subsection.1.3.1}{\376\377\0001\000.\0003\000.\0001\000\040\000D\000e\000t\000a\000i\000l\000e\000d\000\040\000D\000e\000s\000c\000r\000i\000p\000t\000i\000o\000n}{section.1.3}% 48
\BOOKMARK [2][-]{subsection.1.3.2}{\376\377\0001\000.\0003\000.\0002\000\040\000C\000o\000n\000s\000t\000r\000u\000c\000t\000o\000r\000\040\000\046\000\040\000D\000e\000s\000t\000r\000u\000c\000t\000o\000r\000\040\000D\000o\000c\000u\000m\000e\000n\000t\000a\000t\000i\000o\000n}{section.1.3}% 49
\BOOKMARK [3][-]{subsubsection.1.3.2.1}{\376\377\0001\000.\0003\000.\0002\000.\0001\000\040\000T\000r\000a\000c\000k\000S\000e\000n\000s\000e\000\050\000\051}{subsection.1.3.2}% 50
\BOOKMARK [3][-]{subsubsection.1.3.2.2}{\376\377\0001\000.\0003\000.\0002\000.\0002\000\040\000~\000T\000r\000a\000c\000k\000S\000e\000n\000s\000e\000\050\000\051}{subsection.1.3.2}% 51
\BOOKMARK [2][-]{subsection.1.3.3}{\376\377\0001\000.\0003\000.\0003\000\040\000M\000e\000m\000b\000e\000r\000\040\000F\000u\000n\000c\000t\000i\000o\000n\000\040\000D\000o\000c\000u\000m\000e\000n\000t\000a\000t\000i\000o\000n}{section.1.3}% 52
\BOOKMARK [3][-]{subsubsection.1.3.3.1}{\376\377\0001\000.\0003\000.\0003\000.\0001\000\040\000\137\000l\000e\000r\000\137\000d\000a\000d\000o\000s\000\050\000\051}{subsection.1.3.3}% 53
\BOOKMARK [3][-]{subsubsection.1.3.3.2}{\376\377\0001\000.\0003\000.\0003\000.\0002\000\040\000\137\000l\000o\000o\000p\000\050\000\051}{subsection.1.3.3}% 54
\BOOKMARK [3][-]{subsubsection.1.3.3.3}{\376\377\0001\000.\0003\000.\0003\000.\0003\000\040\000\137\000o\000p\000e\000n\000\137\000s\000e\000r\000i\000a\000l\000\050\000\051}{subsection.1.3.3}% 55
\BOOKMARK [3][-]{subsubsection.1.3.3.4}{\376\377\0001\000.\0003\000.\0003\000.\0004\000\040\000\137\000p\000a\000r\000s\000e\000r\000\137\000g\000g\000a\000\050\000\051}{subsection.1.3.3}% 56
\BOOKMARK [3][-]{subsubsection.1.3.3.5}{\376\377\0001\000.\0003\000.\0003\000.\0005\000\040\000\137\000p\000a\000r\000s\000e\000r\000\137\000r\000m\000c\000\050\000\051}{subsection.1.3.3}% 57
\BOOKMARK [3][-]{subsubsection.1.3.3.6}{\376\377\0001\000.\0003\000.\0003\000.\0006\000\040\000c\000o\000n\000v\000e\000r\000t\000e\000r\000\137\000l\000a\000t\000\137\000l\000o\000n\000g\000\050\000\051}{subsection.1.3.3}% 58
\BOOKMARK [3][-]{subsubsection.1.3.3.7}{\376\377\0001\000.\0003\000.\0003\000.\0007\000\040\000f\000o\000r\000m\000a\000t\000a\000r\000\137\000c\000s\000v\000\050\000\051}{subsection.1.3.3}% 59
\BOOKMARK [3][-]{subsubsection.1.3.3.8}{\376\377\0001\000.\0003\000.\0003\000.\0008\000\040\000i\000n\000i\000t\000\050\000\051}{subsection.1.3.3}% 60
\BOOKMARK [3][-]{subsubsection.1.3.3.9}{\376\377\0001\000.\0003\000.\0003\000.\0009\000\040\000s\000p\000l\000i\000t\000\050\000\051}{subsection.1.3.3}% 61
\BOOKMARK [3][-]{subsubsection.1.3.3.10}{\376\377\0001\000.\0003\000.\0003\000.\0001\0000\000\040\000s\000t\000o\000p\000\050\000\051}{subsection.1.3.3}% 62
\BOOKMARK [2][-]{subsection.1.3.4}{\376\377\0001\000.\0003\000.\0004\000\040\000M\000e\000m\000b\000e\000r\000\040\000D\000a\000t\000a\000\040\000D\000o\000c\000u\000m\000e\000n\000t\000a\000t\000i\000o\000n}{section.1.3}% 63
\BOOKMARK [3][-]{subsubsection.1.3.4.1}{\376\377\0001\000.\0003\000.\0004\000.\0001\000\040\000\137\000a\000d\000d\000r\000\137\000d\000e\000s\000t}{subsection.1.3.4}% 64
\BOOKMARK [3][-]{subsubsection.1.3.4.2}{\376\377\0001\000.\0003\000.\0004\000.\0002\000\040\000\137\000f\000d\000\137\000s\000e\000r\000i\000a\000l}{subsection.1.3.4}% 65
\BOOKMARK [3][-]{subsubsection.1.3.4.3}{\376\377\0001\000.\0003\000.\0004\000.\0003\000\040\000\137\000i\000p\000\137\000d\000e\000s\000t\000i\000n\000o}{subsection.1.3.4}% 66
\BOOKMARK [3][-]{subsubsection.1.3.4.4}{\376\377\0001\000.\0003\000.\0004\000.\0004\000\040\000\137\000i\000s\000\137\000e\000x\000e\000c}{subsection.1.3.4}% 67
\BOOKMARK [3][-]{subsubsection.1.3.4.5}{\376\377\0001\000.\0003\000.\0004\000.\0005\000\040\000\137\000l\000a\000s\000t\000\137\000d\000a\000t\000a\000\137\000g\000i\000v\000e\000n}{subsection.1.3.4}% 68
\BOOKMARK [3][-]{subsubsection.1.3.4.6}{\376\377\0001\000.\0003\000.\0004\000.\0006\000\040\000\137\000p\000o\000r\000t\000a\000\137\000d\000e\000s\000t\000i\000n\000o}{subsection.1.3.4}% 69
\BOOKMARK [3][-]{subsubsection.1.3.4.7}{\376\377\0001\000.\0003\000.\0004\000.\0007\000\040\000\137\000p\000o\000r\000t\000a\000\137\000s\000e\000r\000i\000a\000l}{subsection.1.3.4}% 70
\BOOKMARK [3][-]{subsubsection.1.3.4.8}{\376\377\0001\000.\0003\000.\0004\000.\0008\000\040\000\137\000s\000o\000c\000k\000f\000d}{subsection.1.3.4}% 71
\BOOKMARK [3][-]{subsubsection.1.3.4.9}{\376\377\0001\000.\0003\000.\0004\000.\0009\000\040\000\137\000w\000o\000r\000k\000e\000r}{subsection.1.3.4}% 72
\BOOKMARK [0][-]{chapter.2}{\376\377\0002\000\040\000F\000i\000l\000e\000\040\000D\000o\000c\000u\000m\000e\000n\000t\000a\000t\000i\000o\000n}{}% 73
\BOOKMARK [1][-]{section.2.1}{\376\377\0002\000.\0001\000\040\000s\000r\000c\000/\000d\000e\000b\000u\000g\000.\000c\000p\000p\000\040\000F\000i\000l\000e\000\040\000R\000e\000f\000e\000r\000e\000n\000c\000e}{chapter.2}% 74
\BOOKMARK [2][-]{subsection.2.1.1}{\376\377\0002\000.\0001\000.\0001\000\040\000D\000e\000t\000a\000i\000l\000e\000d\000\040\000D\000e\000s\000c\000r\000i\000p\000t\000i\000o\000n}{section.2.1}% 75
\BOOKMARK [2][-]{subsection.2.1.2}{\376\377\0002\000.\0001\000.\0002\000\040\000F\000u\000n\000c\000t\000i\000o\000n\000\040\000D\000o\000c\000u\000m\000e\000n\000t\000a\000t\000i\000o\000n}{section.2.1}% 76
\BOOKMARK [3][-]{subsubsection.2.1.2.1}{\376\377\0002\000.\0001\000.\0002\000.\0001\000\040\000m\000a\000i\000n\000\050\000\051}{subsection.2.1.2}% 77
\BOOKMARK [1][-]{section.2.2}{\376\377\0002\000.\0002\000\040\000s\000r\000c\000/\000G\000P\000S\000S\000i\000m\000.\000h\000p\000p\000\040\000F\000i\000l\000e\000\040\000R\000e\000f\000e\000r\000e\000n\000c\000e}{chapter.2}% 78
\BOOKMARK [2][-]{subsection.2.2.1}{\376\377\0002\000.\0002\000.\0001\000\040\000D\000e\000t\000a\000i\000l\000e\000d\000\040\000D\000e\000s\000c\000r\000i\000p\000t\000i\000o\000n}{section.2.2}% 79
\BOOKMARK [1][-]{section.2.3}{\376\377\0002\000.\0003\000\040\000G\000P\000S\000S\000i\000m\000.\000h\000p\000p}{chapter.2}% 80
\BOOKMARK [1][-]{section.2.4}{\376\377\0002\000.\0004\000\040\000s\000r\000c\000/\000T\000r\000a\000c\000k\000S\000e\000n\000s\000e\000.\000h\000p\000p\000\040\000F\000i\000l\000e\000\040\000R\000e\000f\000e\000r\000e\000n\000c\000e}{chapter.2}% 81
\BOOKMARK [2][-]{subsection.2.4.1}{\376\377\0002\000.\0004\000.\0001\000\040\000D\000e\000t\000a\000i\000l\000e\000d\000\040\000D\000e\000s\000c\000r\000i\000p\000t\000i\000o\000n}{section.2.4}% 82
\BOOKMARK [1][-]{section.2.5}{\376\377\0002\000.\0005\000\040\000T\000r\000a\000c\000k\000S\000e\000n\000s\000e\000.\000h\000p\000p}{chapter.2}% 83
\BOOKMARK [0][-]{section*.56}{\376\377\000I\000n\000d\000e\000x}{}% 84
